#
# There is insufficient memory for the Java Runtime Environment to continue.
# Native memory allocation (malloc) failed to allocate 1059696 bytes for Chunk::new
# Possible reasons:
#   The system is out of physical RAM or swap space
#   In 32 bit mode, the process size limit was hit
# Possible solutions:
#   Reduce memory load on the system
#   Increase physical memory or swap space
#   Check if swap backing store is full
#   Use 64 bit Java on a 64 bit OS
#   Decrease Java heap size (-Xmx/-Xms)
#   Decrease number of Java threads
#   Decrease Java thread stack sizes (-Xss)
#   Set larger code cache with -XX:ReservedCodeCacheSize=
# This output file may be truncated or incomplete.
#
#  Out of Memory Error (allocation.cpp:390), pid=9816, tid=0x00000000000025c0
#
# JRE version: OpenJDK Runtime Environment (8.0_152-b02) (build 1.8.0_152-release-1024-b02)
# Java VM: OpenJDK 64-Bit Server VM (25.152-b02 mixed mode windows-amd64 compressed oops)
# Failed to write core dump. Minidumps are not enabled by default on client versions of Windows
#

---------------  T H R E A D  ---------------

Current thread (0x00000000160ed000):  JavaThread "C2 CompilerThread0" daemon [_thread_in_native, id=9664, stack(0x0000000018050000,0x0000000018150000)]

Stack: [0x0000000018050000,0x0000000018150000]
[error occurred during error reporting (printing stack bounds), id 0xc0000005]

Native frames: (J=compiled Java code, j=interpreted, Vv=VM code, C=native code)


Current CompileTask:
C2:1682859 21396       4       com.android.tools.r8.dex.DexFileReader::parseCodeItem (484 bytes)


---------------  P R O C E S S  ---------------

Java Threads: ( => current thread )
  0x0000000023e05800 JavaThread "stdout" daemon [_thread_in_native, id=6648, stack(0x0000000046a00000,0x0000000046b00000)]
  0x0000000023e00800 JavaThread "stderr" daemon [_thread_in_native, id=7948, stack(0x0000000046900000,0x0000000046a00000)]
  0x0000000023e09800 JavaThread "stdout" daemon [_thread_in_native, id=10264, stack(0x0000000046800000,0x0000000046900000)]
  0x0000000023e02000 JavaThread "stderr" daemon [_thread_in_native, id=3168, stack(0x0000000046700000,0x0000000046800000)]
  0x0000000023e08800 JavaThread "queued-resource-processor_48" daemon [_thread_blocked, id=10352, stack(0x0000000046400000,0x0000000046500000)]
  0x0000000023e05000 JavaThread "queued-resource-processor_46" daemon [_thread_blocked, id=9604, stack(0x0000000046200000,0x0000000046300000)]
  0x0000000023e01000 JavaThread "queued-resource-processor_45" daemon [_thread_in_native, id=9556, stack(0x0000000046100000,0x0000000046200000)]
  0x0000000023e06800 JavaThread "queued-resource-processor_44" daemon [_thread_blocked, id=10656, stack(0x0000000046000000,0x0000000046100000)]
  0x0000000023dff800 JavaThread "ForkJoinPool.commonPool-worker-2" daemon [_thread_blocked, id=8344, stack(0x0000000044900000,0x0000000044a00000)]
  0x0000000023dff000 JavaThread "ForkJoinPool.commonPool-worker-1" daemon [_thread_blocked, id=10252, stack(0x0000000042f00000,0x0000000043000000)]
  0x0000000019b84800 JavaThread "ForkJoinPool.commonPool-worker-0" daemon [_thread_blocked, id=420, stack(0x0000000032100000,0x0000000032200000)]
  0x0000000019b86800 JavaThread "ForkJoinPool.commonPool-worker-7" daemon [_thread_blocked, id=8456, stack(0x0000000032000000,0x0000000032100000)]
  0x0000000019b85000 JavaThread "ForkJoinPool.commonPool-worker-6" daemon [_thread_blocked, id=8328, stack(0x0000000031f00000,0x0000000032000000)]
  0x000000001cffa000 JavaThread "ForkJoinPool.commonPool-worker-3" daemon [_thread_blocked, id=9384, stack(0x0000000030800000,0x0000000030900000)]
  0x000000001cffd000 JavaThread "Cache worker for Java compile cache (C:\Users\User\Desktop\FoodOrder\.gradle\4.4\javaCompile)" [_thread_blocked, id=10420, stack(0x0000000030700000,0x0000000030800000)]
  0x000000001cffb000 JavaThread "Task worker for ':' Thread 5" [_thread_blocked, id=9592, stack(0x000000002e000000,0x000000002e100000)]
  0x000000001f20a800 JavaThread "Task worker for ':' Thread 4" [_thread_blocked, id=6972, stack(0x000000002df00000,0x000000002e000000)]
  0x000000001f208800 JavaThread "Task worker for ':' Thread 3" [_thread_blocked, id=2844, stack(0x000000002de00000,0x000000002df00000)]
  0x000000001f20b800 JavaThread "Task worker for ':' Thread 2" [_thread_blocked, id=7344, stack(0x000000002dd00000,0x000000002de00000)]
  0x000000001f200000 JavaThread "Task worker for ':'" [_thread_blocked, id=6132, stack(0x000000002dc00000,0x000000002dd00000)]
  0x000000001f207000 JavaThread "Cache worker for Build Output Cleanup Cache (C:\Users\User\Desktop\FoodOrder\.gradle\buildOutputCleanup)" [_thread_blocked, id=3444, stack(0x000000002db00000,0x000000002dc00000)]
  0x000000001f1ff800 JavaThread "Cache worker for task history cache (C:\Users\User\Desktop\FoodOrder\.gradle\4.4\taskHistory)" [_thread_blocked, id=5020, stack(0x000000002da00000,0x000000002db00000)]
  0x000000001f1fe000 JavaThread "Cache worker for file content cache (C:\Users\User\Desktop\FoodOrder\.gradle\4.4\fileContent)" [_thread_blocked, id=10144, stack(0x000000002d900000,0x000000002da00000)]
  0x000000001f1fe800 JavaThread "build operations Thread 6" [_thread_blocked, id=9688, stack(0x000000002d800000,0x000000002d900000)]
  0x000000001f204800 JavaThread "build operations Thread 5" [_thread_blocked, id=10136, stack(0x000000002d700000,0x000000002d800000)]
  0x000000001f201800 JavaThread "build operations Thread 4" [_thread_blocked, id=9708, stack(0x000000002d600000,0x000000002d700000)]
  0x000000001f1fd000 JavaThread "build operations Thread 3" [_thread_blocked, id=7720, stack(0x000000002d500000,0x000000002d600000)]
  0x000000001f204000 JavaThread "build operations Thread 2" [_thread_blocked, id=8716, stack(0x000000002d400000,0x000000002d500000)]
  0x000000001f203000 JavaThread "build operations" [_thread_blocked, id=8516, stack(0x000000002d300000,0x000000002d400000)]
  0x000000001f202800 JavaThread "Cache worker for Artifact transforms cache (C:\Users\User\.gradle\caches\transforms-1)" [_thread_blocked, id=9424, stack(0x000000002d200000,0x000000002d300000)]
  0x0000000020919000 JavaThread "Cache worker for file hash cache (C:\Users\User\Desktop\FoodOrder\.gradle\4.4\fileHashes)" [_thread_blocked, id=3560, stack(0x000000002d100000,0x000000002d200000)]
  0x000000002091f000 JavaThread "Stdin handler" [_thread_blocked, id=7184, stack(0x000000002d000000,0x000000002d100000)]
  0x0000000020917800 JavaThread "Asynchronous log dispatcher for DefaultDaemonConnection: socket connection from /127.0.0.1:14415 to /127.0.0.1:14273" [_thread_blocked, id=5408, stack(0x000000002cf00000,0x000000002d000000)]
  0x000000002091e800 JavaThread "Daemon worker Thread 4" [_thread_blocked, id=1968, stack(0x000000002ce00000,0x000000002cf00000)]
  0x000000002091d800 JavaThread "Cancel handler" [_thread_blocked, id=1820, stack(0x000000002cd00000,0x000000002ce00000)]
  0x000000002091a000 JavaThread "Handler for socket connection from /127.0.0.1:14415 to /127.0.0.1:14273" [_thread_in_native, id=3460, stack(0x000000002cc00000,0x000000002cd00000)]
  0x0000000020910000 JavaThread "Daemon Thread 4" [_thread_blocked, id=2320, stack(0x000000002cb00000,0x000000002cc00000)]
  0x0000000020913000 JavaThread "Memory manager" [_thread_blocked, id=5548, stack(0x0000000022070000,0x0000000022170000)]
  0x0000000019a60800 JavaThread "File lock request listener" [_thread_in_native, id=6068, stack(0x000000001af10000,0x000000001b010000)]
  0x000000001988c800 JavaThread "Cache worker for file hash cache (C:\Users\User\.gradle\caches\4.4\fileHashes)" [_thread_blocked, id=2524, stack(0x000000001ae10000,0x000000001af10000)]
  0x000000001961b000 JavaThread "Daemon periodic checks" [_thread_blocked, id=4176, stack(0x000000001a310000,0x000000001a410000)]
  0x0000000019299800 JavaThread "Incoming local TCP Connector on port 14415" [_thread_in_native, id=9904, stack(0x0000000019f20000,0x000000001a020000)]
  0x0000000017b1b000 JavaThread "Service Thread" daemon [_thread_blocked, id=6844, stack(0x0000000018350000,0x0000000018450000)]
  0x0000000017a9d000 JavaThread "C1 CompilerThread2" daemon [_thread_blocked, id=9812, stack(0x0000000018250000,0x0000000018350000)]
  0x0000000017a9c000 JavaThread "C2 CompilerThread1" daemon [_thread_in_native, id=9328, stack(0x0000000018150000,0x0000000018250000)]
=>0x00000000160ed000 JavaThread "C2 CompilerThread0" daemon [_thread_in_native, id=9664, stack(0x0000000018050000,0x0000000018150000)]
  0x00000000160e1000 JavaThread "Attach Listener" daemon [_thread_blocked, id=3332, stack(0x0000000017f50000,0x0000000018050000)]
  0x00000000160e0000 JavaThread "Signal Dispatcher" daemon [_thread_blocked, id=9524, stack(0x0000000017e50000,0x0000000017f50000)]
  0x00000000160ba800 JavaThread "Finalizer" daemon [_thread_blocked, id=7064, stack(0x0000000017950000,0x0000000017a50000)]
  0x0000000002484000 JavaThread "Reference Handler" daemon [_thread_blocked, id=8000, stack(0x0000000017850000,0x0000000017950000)]
  0x000000000251e000 JavaThread "main" [_thread_blocked, id=9888, stack(0x00000000009a0000,0x0000000000aa0000)]

Other Threads:
  0x0000000016096000 VMThread [stack: 0x0000000017750000,0x0000000017850000] [id=7740]
  0x0000000017b1c000 WatcherThread [stack: 0x0000000018450000,0x0000000018550000] [id=8452]

VM state:not at safepoint (normal execution)

VM Mutex/Monitor currently owned by a thread: None

Heap:
 PSYoungGen      total 408576K, used 243552K [0x00000000e0000000, 0x00000000ff980000, 0x0000000100000000)
  eden space 381952K, 63% used [0x00000000e0000000,0x00000000eecd0110,0x00000000f7500000)
  from space 26624K, 3% used [0x00000000f7500000,0x00000000f7608020,0x00000000f8f00000)
  to   space 26624K, 0% used [0x00000000fdf80000,0x00000000fdf80000,0x00000000ff980000)
 ParOldGen       total 141312K, used 84803K [0x00000000a0000000, 0x00000000a8a00000, 0x00000000e0000000)
  object space 141312K, 60% used [0x00000000a0000000,0x00000000a52d0f18,0x00000000a8a00000)
 Metaspace       used 91201K, capacity 95696K, committed 95960K, reserved 1132544K
  class space    used 11506K, capacity 12450K, committed 12544K, reserved 1048576K

Card table byte_map: [0x00000000118e0000,0x0000000011bf0000] byte_map_base: 0x00000000113e0000

Marking Bits: (ParMarkBitMap*) 0x00000000684d4970
 Begin Bits: [0x00000000123f0000, 0x0000000013bf0000)
 End Bits:   [0x0000000013bf0000, 0x00000000153f0000)

Polling page: 0x0000000000880000

CodeCache: size=245760Kb used=58113Kb max_used=58128Kb free=187647Kb
 bounds [0x0000000002520000, 0x0000000005e30000, 0x0000000011520000]
 total_blobs=18550 nmethods=17667 adapters=793
 compilation: enabled

Compilation events (10 events):
Event: 1682.365 Thread 0x0000000017a9d000 21500       2       java.io.BufferedReader::<init> (62 bytes)
Event: 1682.365 Thread 0x0000000017a9d000 nmethod 21500 0x0000000005e01a50 code [0x0000000005e01be0, 0x0000000005e01fb8]
Event: 1682.416 Thread 0x0000000017a9c000 nmethod 18420% 0x0000000005e22b10 code [0x0000000005e22f20, 0x0000000005e25ba0]
Event: 1682.416 Thread 0x0000000017a9c000 18950 %     4       com.android.tools.r8.ir.conversion.JarState::mergeLocals @ 26 (201 bytes)
Event: 1682.423 Thread 0x0000000017a9c000 nmethod 18950% 0x0000000005e21d10 code [0x0000000005e21ea0, 0x0000000005e226b8]
Event: 1682.423 Thread 0x0000000017a9c000 18078       4       com.android.tools.r8.ir.analysis.constant.SparseConditionalConstantPropagation::visitInstructions (47 bytes)
Event: 1682.426 Thread 0x0000000017a9d000 21501       2       java.io.BufferedReader::<init> (9 bytes)
Event: 1682.426 Thread 0x0000000017a9d000 nmethod 21501 0x0000000005e01690 code [0x0000000005e01800, 0x0000000005e01988]
Event: 1682.430 Thread 0x0000000017a9c000 nmethod 18078 0x0000000005e08b10 code [0x0000000005e08c80, 0x0000000005e08fe8]
Event: 1682.430 Thread 0x0000000017a9c000 17892 %     4       com.android.tools.r8.ir.code.Phi::removeTrivialPhi @ 111 (304 bytes)

GC Heap History (10 events):
Event: 1674.618 GC heap before
{Heap before GC invocations=30 (full 3):
 PSYoungGen      total 289280K, used 273942K [0x00000000e0000000, 0x00000000f3580000, 0x0000000100000000)
  eden space 262656K, 100% used [0x00000000e0000000,0x00000000f0080000,0x00000000f0080000)
  from space 26624K, 42% used [0x00000000f1b80000,0x00000000f2685b80,0x00000000f3580000)
  to   space 27136K, 0% used [0x00000000f0080000,0x00000000f0080000,0x00000000f1b00000)
 ParOldGen       total 141312K, used 74913K [0x00000000a0000000, 0x00000000a8a00000, 0x00000000e0000000)
  object space 141312K, 53% used [0x00000000a0000000,0x00000000a49284e8,0x00000000a8a00000)
 Metaspace       used 90157K, capacity 94474K, committed 94552K, reserved 1132544K
  class space    used 11437K, capacity 12377K, committed 12416K, reserved 1048576K
Event: 1674.634 GC heap after
Heap after GC invocations=30 (full 3):
 PSYoungGen      total 289792K, used 2030K [0x00000000e0000000, 0x00000000f6580000, 0x0000000100000000)
  eden space 262656K, 0% used [0x00000000e0000000,0x00000000e0000000,0x00000000f0080000)
  from space 27136K, 7% used [0x00000000f0080000,0x00000000f027bb28,0x00000000f1b00000)
  to   space 27648K, 0% used [0x00000000f4a80000,0x00000000f4a80000,0x00000000f6580000)
 ParOldGen       total 141312K, used 76777K [0x00000000a0000000, 0x00000000a8a00000, 0x00000000e0000000)
  object space 141312K, 54% used [0x00000000a0000000,0x00000000a4afa508,0x00000000a8a00000)
 Metaspace       used 90157K, capacity 94474K, committed 94552K, reserved 1132544K
  class space    used 11437K, capacity 12377K, committed 12416K, reserved 1048576K
}
Event: 1674.640 GC heap before
{Heap before GC invocations=31 (full 3):
 PSYoungGen      total 289792K, used 3089K [0x00000000e0000000, 0x00000000f6580000, 0x0000000100000000)
  eden space 262656K, 0% used [0x00000000e0000000,0x00000000e0108ac8,0x00000000f0080000)
  from space 27136K, 7% used [0x00000000f0080000,0x00000000f027bb28,0x00000000f1b00000)
  to   space 27648K, 0% used [0x00000000f4a80000,0x00000000f4a80000,0x00000000f6580000)
 ParOldGen       total 141312K, used 76777K [0x00000000a0000000, 0x00000000a8a00000, 0x00000000e0000000)
  object space 141312K, 54% used [0x00000000a0000000,0x00000000a4afa508,0x00000000a8a00000)
 Metaspace       used 90157K, capacity 94474K, committed 94552K, reserved 1132544K
  class space    used 11437K, capacity 12377K, committed 12416K, reserved 1048576K
Event: 1674.648 GC heap after
Heap after GC invocations=31 (full 3):
 PSYoungGen      total 337920K, used 96K [0x00000000e0000000, 0x00000000f7880000, 0x0000000100000000)
  eden space 310272K, 0% used [0x00000000e0000000,0x00000000e0000000,0x00000000f2f00000)
  from space 27648K, 0% used [0x00000000f4a80000,0x00000000f4a98000,0x00000000f6580000)
  to   space 28160K, 0% used [0x00000000f2f00000,0x00000000f2f00000,0x00000000f4a80000)
 ParOldGen       total 141312K, used 78710K [0x00000000a0000000, 0x00000000a8a00000, 0x00000000e0000000)
  object space 141312K, 55% used [0x00000000a0000000,0x00000000a4cdd9a8,0x00000000a8a00000)
 Metaspace       used 90157K, capacity 94474K, committed 94552K, reserved 1132544K
  class space    used 11437K, capacity 12377K, committed 12416K, reserved 1048576K
}
Event: 1675.763 GC heap before
{Heap before GC invocations=32 (full 3):
 PSYoungGen      total 337920K, used 310368K [0x00000000e0000000, 0x00000000f7880000, 0x0000000100000000)
  eden space 310272K, 100% used [0x00000000e0000000,0x00000000f2f00000,0x00000000f2f00000)
  from space 27648K, 0% used [0x00000000f4a80000,0x00000000f4a98000,0x00000000f6580000)
  to   space 28160K, 0% used [0x00000000f2f00000,0x00000000f2f00000,0x00000000f4a80000)
 ParOldGen       total 141312K, used 78710K [0x00000000a0000000, 0x00000000a8a00000, 0x00000000e0000000)
  object space 141312K, 55% used [0x00000000a0000000,0x00000000a4cdd9a8,0x00000000a8a00000)
 Metaspace       used 90280K, capacity 94616K, committed 94808K, reserved 1132544K
  class space    used 11438K, capacity 12378K, committed 12416K, reserved 1048576K
Event: 1675.781 GC heap after
Heap after GC invocations=32 (full 3):
 PSYoungGen      total 338432K, used 6854K [0x00000000e0000000, 0x00000000fad80000, 0x0000000100000000)
  eden space 310272K, 0% used [0x00000000e0000000,0x00000000e0000000,0x00000000f2f00000)
  from space 28160K, 24% used [0x00000000f2f00000,0x00000000f35b1b08,0x00000000f4a80000)
  to   space 27136K, 0% used [0x00000000f9300000,0x00000000f9300000,0x00000000fad80000)
 ParOldGen       total 141312K, used 78742K [0x00000000a0000000, 0x00000000a8a00000, 0x00000000e0000000)
  object space 141312K, 55% used [0x00000000a0000000,0x00000000a4ce59a8,0x00000000a8a00000)
 Metaspace       used 90280K, capacity 94616K, committed 94808K, reserved 1132544K
  class space    used 11438K, capacity 12378K, committed 12416K, reserved 1048576K
}
Event: 1676.350 GC heap before
{Heap before GC invocations=33 (full 3):
 PSYoungGen      total 338432K, used 317126K [0x00000000e0000000, 0x00000000fad80000, 0x0000000100000000)
  eden space 310272K, 100% used [0x00000000e0000000,0x00000000f2f00000,0x00000000f2f00000)
  from space 28160K, 24% used [0x00000000f2f00000,0x00000000f35b1b08,0x00000000f4a80000)
  to   space 27136K, 0% used [0x00000000f9300000,0x00000000f9300000,0x00000000fad80000)
 ParOldGen       total 141312K, used 78742K [0x00000000a0000000, 0x00000000a8a00000, 0x00000000e0000000)
  object space 141312K, 55% used [0x00000000a0000000,0x00000000a4ce59a8,0x00000000a8a00000)
 Metaspace       used 90320K, capacity 94624K, committed 94808K, reserved 1132544K
  class space    used 11438K, capacity 12378K, committed 12416K, reserved 1048576K
Event: 1676.368 GC heap after
Heap after GC invocations=33 (full 3):
 PSYoungGen      total 404480K, used 4848K [0x00000000e0000000, 0x00000000fa900000, 0x0000000100000000)
  eden space 381952K, 0% used [0x00000000e0000000,0x00000000e0000000,0x00000000f7500000)
  from space 22528K, 21% used [0x00000000f9300000,0x00000000f97bc030,0x00000000fa900000)
  to   space 26624K, 0% used [0x00000000f7500000,0x00000000f7500000,0x00000000f8f00000)
 ParOldGen       total 141312K, used 82348K [0x00000000a0000000, 0x00000000a8a00000, 0x00000000e0000000)
  object space 141312K, 58% used [0x00000000a0000000,0x00000000a506b028,0x00000000a8a00000)
 Metaspace       used 90320K, capacity 94624K, committed 94808K, reserved 1132544K
  class space    used 11438K, capacity 12378K, committed 12416K, reserved 1048576K
}
Event: 1679.192 GC heap before
{Heap before GC invocations=34 (full 3):
 PSYoungGen      total 404480K, used 386800K [0x00000000e0000000, 0x00000000fa900000, 0x0000000100000000)
  eden space 381952K, 100% used [0x00000000e0000000,0x00000000f7500000,0x00000000f7500000)
  from space 22528K, 21% used [0x00000000f9300000,0x00000000f97bc030,0x00000000fa900000)
  to   space 26624K, 0% used [0x00000000f7500000,0x00000000f7500000,0x00000000f8f00000)
 ParOldGen       total 141312K, used 82348K [0x00000000a0000000, 0x00000000a8a00000, 0x00000000e0000000)
  object space 141312K, 58% used [0x00000000a0000000,0x00000000a506b028,0x00000000a8a00000)
 Metaspace       used 90574K, capacity 94938K, committed 95064K, reserved 1132544K
  class space    used 11451K, capacity 12389K, committed 12416K, reserved 1048576K
Event: 1679.206 GC heap after
Heap after GC invocations=34 (full 3):
 PSYoungGen      total 408576K, used 1056K [0x00000000e0000000, 0x00000000ff980000, 0x0000000100000000)
  eden space 381952K, 0% used [0x00000000e0000000,0x00000000e0000000,0x00000000f7500000)
  from space 26624K, 3% used [0x00000000f7500000,0x00000000f7608020,0x00000000f8f00000)
  to   space 26624K, 0% used [0x00000000fdf80000,0x00000000fdf80000,0x00000000ff980000)
 ParOldGen       total 141312K, used 84803K [0x00000000a0000000, 0x00000000a8a00000, 0x00000000e0000000)
  object space 141312K, 60% used [0x00000000a0000000,0x00000000a52d0f18,0x00000000a8a00000)
 Metaspace       used 90574K, capacity 94938K, committed 95064K, reserved 1132544K
  class space    used 11451K, capacity 12389K, committed 12416K, reserved 1048576K
}

Deoptimization events (10 events):
Event: 1682.090 Thread 0x0000000023e07000 Uncommon trap: reason=array_check action=maybe_recompile pc=0x0000000005df84b0 method=java.util.TimSort.mergeHi(IIII)V @ 101
Event: 1682.092 Thread 0x0000000023e07000 Uncommon trap: reason=array_check action=maybe_recompile pc=0x0000000005d73468 method=java.util.TimSort.mergeLo(IIII)V @ 212
Event: 1682.098 Thread 0x0000000023e07000 Uncommon trap: reason=array_check action=maybe_recompile pc=0x0000000005d734b8 method=java.util.TimSort.mergeLo(IIII)V @ 245
Event: 1682.099 Thread 0x0000000023e07000 Uncommon trap: reason=array_check action=maybe_recompile pc=0x0000000005d69700 method=java.util.TimSort.mergeHi(IIII)V @ 250
Event: 1682.102 Thread 0x0000000023e07000 Uncommon trap: reason=array_check action=maybe_recompile pc=0x0000000005d734b8 method=java.util.TimSort.mergeLo(IIII)V @ 245
Event: 1682.183 Thread 0x0000000023e07000 Uncommon trap: reason=unstable_if action=reinterpret pc=0x00000000032a0138 method=java.nio.Bits.copyFromArray(Ljava/lang/Object;JJJJ)V @ 18
Event: 1682.288 Thread 0x000000001f200000 Uncommon trap: reason=class_check action=maybe_recompile pc=0x0000000005df9cb4 method=java.util.stream.MatchOps$MatchOp.evaluateSequential(Ljava/util/stream/PipelineHelper;Ljava/util/Spliterator;)Ljava/lang/Boolean; @ 14
Event: 1682.288 Thread 0x000000001f200000 Uncommon trap: reason=bimorphic action=maybe_recompile pc=0x0000000005d6ad04 method=java.util.stream.AbstractPipeline.copyIntoWithCancel(Ljava/util/stream/Sink;Ljava/util/Spliterator;)V @ 24
Event: 1682.288 Thread 0x000000001f200000 Uncommon trap: reason=bimorphic action=maybe_recompile pc=0x0000000002ae89f4 method=java.util.stream.ReferencePipeline.forEachWithCancel(Ljava/util/Spliterator;Ljava/util/stream/Sink;)V @ 1
Event: 1682.288 Thread 0x000000001f200000 Uncommon trap: reason=class_check action=maybe_recompile pc=0x00000000053cad98 method=java.util.Spliterators$ArraySpliterator.tryAdvance(Ljava/util/function/Consumer;)Z @ 49

Classes redefined (0 events):
No events

Internal exceptions (10 events):
Event: 1681.673 Thread 0x0000000019b84800 Exception <a 'sun/nio/fs/WindowsException'> (0x00000000e8a36c38) thrown at [D:\src\AOSP-openjdk-cygwin\jdk8u\hotspot\src\share\vm\prims\jni.cpp, line 709]
Event: 1681.676 Thread 0x000000001cffa000 Exception <a 'sun/nio/fs/WindowsException'> (0x00000000e8af4988) thrown at [D:\src\AOSP-openjdk-cygwin\jdk8u\hotspot\src\share\vm\prims\jni.cpp, line 709]
Event: 1681.687 Thread 0x0000000023e01000 Exception <a 'sun/nio/fs/WindowsException'> (0x00000000e979a170) thrown at [D:\src\AOSP-openjdk-cygwin\jdk8u\hotspot\src\share\vm\prims\jni.cpp, line 709]
Event: 1681.692 Thread 0x0000000023e0c800 Exception <a 'sun/nio/fs/WindowsException'> (0x00000000e9df4788) thrown at [D:\src\AOSP-openjdk-cygwin\jdk8u\hotspot\src\share\vm\prims\jni.cpp, line 709]
Event: 1681.695 Thread 0x0000000023e0a000 Exception <a 'sun/nio/fs/WindowsException'> (0x00000000e990cbd0) thrown at [D:\src\AOSP-openjdk-cygwin\jdk8u\hotspot\src\share\vm\prims\jni.cpp, line 709]
Event: 1681.708 Thread 0x0000000023e08000 Exception <a 'sun/nio/fs/WindowsException'> (0x00000000e9ba53d8) thrown at [D:\src\AOSP-openjdk-cygwin\jdk8u\hotspot\src\share\vm\prims\jni.cpp, line 709]
Event: 1681.712 Thread 0x0000000023e09800 Exception <a 'sun/nio/fs/WindowsException'> (0x00000000ea23dd78) thrown at [D:\src\AOSP-openjdk-cygwin\jdk8u\hotspot\src\share\vm\prims\jni.cpp, line 709]
Event: 1682.180 Thread 0x0000000023e07000 Exception <a 'sun/nio/fs/WindowsException'> (0x00000000ee2ca4c0) thrown at [D:\src\AOSP-openjdk-cygwin\jdk8u\hotspot\src\share\vm\prims\jni.cpp, line 709]
Event: 1682.412 Thread 0x0000000023e05800 Exception <a 'java/io/IOException': CreateProcess error=1455, 分頁檔太小，無法完成操作。> (0x00000000ee7d70f8) thrown at [D:\src\AOSP-openjdk-cygwin\jdk8u\hotspot\src\share\vm\prims\jni.cpp, line 735]
Event: 1682.413 Thread 0x0000000023e00800 Exception <a 'java/io/IOException': CreateProcess error=1455, 分頁檔太小，無法完成操作。> (0x00000000ee737e88) thrown at [D:\src\AOSP-openjdk-cygwin\jdk8u\hotspot\src\share\vm\prims\jni.cpp, line 735]

Events (10 events):
Event: 1682.426 Thread 0x0000000023e04000 Thread exited: 0x0000000023e04000
Event: 1682.426 Executing VM operation: RevokeBias
Event: 1682.426 Executing VM operation: RevokeBias done
Event: 1682.426 Executing VM operation: RevokeBias
Event: 1682.426 Executing VM operation: RevokeBias done
Event: 1682.426 Executing VM operation: RevokeBias
Event: 1682.426 Executing VM operation: RevokeBias done
Event: 1682.426 Thread 0x0000000023e08000 Thread exited: 0x0000000023e08000
Event: 1682.440 Thread 0x0000000023e00800 Thread added: 0x0000000023e00800
Event: 1682.440 Thread 0x0000000023e05800 Thread added: 0x0000000023e05800


Dynamic libraries:
0x00007ff652100000 - 0x00007ff652131000 	C:\Program Files\Android\Android Studio\jre\bin\java.exe
0x00007ffffee30000 - 0x00007fffff000000 	C:\windows\SYSTEM32\ntdll.dll
0x00007ffffeac0000 - 0x00007ffffeb6c000 	C:\windows\System32\KERNEL32.DLL
0x00007ffffb320000 - 0x00007ffffb53d000 	C:\windows\System32\KERNELBASE.dll
0x0000000069410000 - 0x00000000694a5000 	C:\windows\System32\SYSFER.DLL
0x00007ffffc450000 - 0x00007ffffc4f2000 	C:\windows\System32\ADVAPI32.dll
0x00007ffffed90000 - 0x00007ffffee2e000 	C:\windows\System32\msvcrt.dll
0x00007ffffe310000 - 0x00007ffffe369000 	C:\windows\System32\sechost.dll
0x00007ffffe180000 - 0x00007ffffe2a1000 	C:\windows\System32\RPCRT4.dll
0x00007ffffc600000 - 0x00007ffffc765000 	C:\windows\System32\USER32.dll
0x00007ffffbcc0000 - 0x00007ffffbcde000 	C:\windows\System32\win32u.dll
0x00007ffffe810000 - 0x00007ffffe844000 	C:\windows\System32\GDI32.dll
0x00007ffffbde0000 - 0x00007ffffbf61000 	C:\windows\System32\gdi32full.dll
0x00007fffed570000 - 0x00007fffed7ea000 	C:\windows\WinSxS\amd64_microsoft.windows.common-controls_6595b64144ccf1df_6.0.14393.2273_none_7de240fc83403786\COMCTL32.dll
0x00007ffffe540000 - 0x00007ffffe808000 	C:\windows\System32\combase.dll
0x00007ffffc020000 - 0x00007ffffc115000 	C:\windows\System32\ucrtbase.dll
0x00007ffffc180000 - 0x00007ffffc1ea000 	C:\windows\System32\bcryptPrimitives.dll
0x00007ffffc420000 - 0x00007ffffc44e000 	C:\windows\System32\IMM32.DLL
0x0000000067c30000 - 0x0000000067d02000 	C:\Program Files\Android\Android Studio\jre\jre\bin\msvcr100.dll
0x0000000067d10000 - 0x000000006854f000 	C:\Program Files\Android\Android Studio\jre\jre\bin\server\jvm.dll
0x00007ffffea90000 - 0x00007ffffea98000 	C:\windows\System32\PSAPI.DLL
0x00007ffff8270000 - 0x00007ffff8279000 	C:\windows\SYSTEM32\WSOCK32.dll
0x00007ffffecb0000 - 0x00007ffffed1a000 	C:\windows\System32\WS2_32.dll
0x00007ffff9600000 - 0x00007ffff9623000 	C:\windows\SYSTEM32\WINMM.dll
0x00007ffffa5a0000 - 0x00007ffffa5aa000 	C:\windows\SYSTEM32\VERSION.dll
0x00007ffff9310000 - 0x00007ffff933b000 	C:\windows\SYSTEM32\WINMMBASE.dll
0x00007ffffbce0000 - 0x00007ffffbd22000 	C:\windows\System32\cfgmgr32.dll
0x00007ffff8260000 - 0x00007ffff826f000 	C:\Program Files\Android\Android Studio\jre\jre\bin\verify.dll
0x00007fffd1ff0000 - 0x00007fffd2019000 	C:\Program Files\Android\Android Studio\jre\jre\bin\java.dll
0x00007fffed950000 - 0x00007fffed966000 	C:\Program Files\Android\Android Studio\jre\jre\bin\zip.dll
0x00007ffffcba0000 - 0x00007ffffe0a5000 	C:\windows\System32\SHELL32.dll
0x00007ffffb540000 - 0x00007ffffbc19000 	C:\windows\System32\windows.storage.dll
0x00007ffffb2d0000 - 0x00007ffffb31c000 	C:\windows\System32\powrprof.dll
0x00007ffffed20000 - 0x00007ffffed72000 	C:\windows\System32\shlwapi.dll
0x00007ffffb2b0000 - 0x00007ffffb2bf000 	C:\windows\System32\kernel.appcore.dll
0x00007ffffbf70000 - 0x00007ffffc019000 	C:\windows\System32\shcore.dll
0x00007ffffb290000 - 0x00007ffffb2a4000 	C:\windows\System32\profapi.dll
0x00007fffeca90000 - 0x00007fffecaaa000 	C:\Program Files\Android\Android Studio\jre\jre\bin\net.dll
0x00007ffffab60000 - 0x00007ffffabbc000 	C:\windows\system32\mswsock.dll
0x00007fffe2da0000 - 0x00007fffe2db1000 	C:\Program Files\Android\Android Studio\jre\jre\bin\nio.dll
0x00007ffff8310000 - 0x00007ffff832e000 	C:\Users\User\.gradle\native\25\windows-amd64\native-platform.dll
0x00007ffff0320000 - 0x00007ffff032d000 	C:\Program Files\Android\Android Studio\jre\jre\bin\management.dll
0x00007ffffad00000 - 0x00007ffffad17000 	C:\windows\SYSTEM32\CRYPTSP.dll
0x00007ffffa760000 - 0x00007ffffa793000 	C:\windows\system32\rsaenh.dll
0x00007ffffb1d0000 - 0x00007ffffb1fb000 	C:\windows\SYSTEM32\bcrypt.dll
0x00007ffffa9e0000 - 0x00007ffffa9ff000 	C:\windows\SYSTEM32\USERENV.dll
0x00007ffffad20000 - 0x00007ffffad2b000 	C:\windows\SYSTEM32\CRYPTBASE.dll
0x00007ffffa8e0000 - 0x00007ffffa918000 	C:\windows\SYSTEM32\IPHLPAPI.DLL
0x00007ffffed80000 - 0x00007ffffed88000 	C:\windows\System32\NSI.dll
0x00007ffff6df0000 - 0x00007ffff6e06000 	C:\windows\SYSTEM32\dhcpcsvc6.DLL
0x00007ffff7100000 - 0x00007ffff711a000 	C:\windows\SYSTEM32\dhcpcsvc.DLL
0x00007fffc34e0000 - 0x00007fffc3504000 	C:\Program Files\Android\Android Studio\jre\jre\bin\sunec.dll
0x00007ffffa930000 - 0x00007ffffa9d1000 	C:\windows\SYSTEM32\DNSAPI.dll
0x00007ffff11f0000 - 0x00007ffff11fa000 	C:\Windows\System32\rasadhlp.dll
0x00007ffff4910000 - 0x00007ffff497a000 	C:\windows\System32\fwpuclnt.dll
0x00007fffecf60000 - 0x00007fffecf6b000 	C:\Program Files\Android\Android Studio\jre\jre\bin\sunmscapi.dll
0x00007ffffc1f0000 - 0x00007ffffc3b9000 	C:\windows\System32\CRYPT32.dll
0x00007ffffb2c0000 - 0x00007ffffb2d0000 	C:\windows\System32\MSASN1.dll
0x00007ffff9710000 - 0x00007ffff978a000 	C:\windows\system32\apphelp.dll
0x00007ffff9ed0000 - 0x00007ffff9f02000 	C:\windows\SYSTEM32\ntmarta.dll

VM Arguments:
jvm_args: -Xmx1536m -Dfile.encoding=x-windows-950 -Duser.country=TW -Duser.language=zh -Duser.variant 
java_command: org.gradle.launcher.daemon.bootstrap.GradleDaemon 4.4
java_class_path (initial): C:\Users\User\.gradle\wrapper\dists\gradle-4.4-all\9br9xq1tocpiv8o6njlyu5op1\gradle-4.4\lib\gradle-launcher-4.4.jar
Launcher Type: SUN_STANDARD

Environment Variables:
PATH=C:\Program Files (x86)\Common Files\Oracle\Java\javapath;C:\Program Files (x86)\Intel\Intel(R) Management Engine Components\iCLS\;C:\Program Files\Intel\Intel(R) Management Engine Components\iCLS\;C:\ProgramData\Oracle\Java\javapath;C:\PROGRA~2\Borland\CBUILD~1\Projects\Bpl;C:\PROGRA~2\Borland\CBUILD~1\Bin;C:\windows\system32;C:\windows;C:\windows\System32\Wbem;"C:\Program Files\Java\jdk-10.0.2\bin";C:\Program Files\dotnet\;C:\Program Files (x86)\Common Files\Ulead Systems\MPEG;C:\Program Files (x86)\Common Files\Ulead Systems\DVD;C:\Program Files (x86)\Intel\Intel(R) Management Engine Components\DAL;C:\Program Files\Intel\Intel(R) Management Engine Components\DAL;C:\Program Files (x86)\Intel\Intel(R) Management Engine Components\IPT;C:\Program Files\Intel\Intel(R) Management Engine Components\IPT;C:\Program Files\MATLAB\R2017b\runtime\win64;C:\Program Files\MATLAB\R2017b\bin;C:\Program Files (x86)\Microsoft SQL Server\110\Tools\Binn\;C:\Program Files\Microsoft SQL Server\110\Tools\Binn\;C:\Program Files\Microsoft SQL Server\110\DTS\Binn\;C:\Program Files (x86)\Common Files\AspenTech Shared\;C:\Program Files\Git\cmd;C:\Program Files\Microsoft SQL Server\130\Tools\Binn\;C:\Users\User\AppData\Local\Microsoft\WindowsApps;AspenTech\Aspen Hydraulics;C:\Program Files (x86)\g95\bin
USERNAME=User
OS=Windows_NT
PROCESSOR_IDENTIFIER=Intel64 Family 6 Model 158 Stepping 10, GenuineIntel



---------------  S Y S T E M  ---------------

OS: Windows 10.0 , 64 bit Build 14393 (10.0.14393.2214)

CPU:total 6 (initial active 6) (6 cores per cpu, 1 threads per core) family 6 model 158 stepping 10, cmov, cx8, fxsr, mmx, sse, sse2, sse3, ssse3, sse4.1, sse4.2, popcnt, avx, avx2, clmul, erms, rtm, 3dnowpref, lzcnt, tsc, tscinvbit, bmi1, bmi2, adx

Memory: 4k page, physical 8267272k(1143812k free), swap 10364424k(12416k free)

vm_info: OpenJDK 64-Bit Server VM (25.152-b02) for windows-amd64 JRE (1.8.0_152-release-1024-b02), built by "builder" with MS VC++ 10.0 (VS2010)

time: Thu Oct 11 14:46:33 2018
elapsed time: 1682 seconds (0d 0h 28m 2s)

